# Logfile created on 2015-06-17 23:56:11 +0545 by logger.rb/1.2.8
[0;31;49m[Important] YUICompressor requires java to be installed. The JAVA_HOME variable should also be set.
[0m
[0;97;49mStarted GET "/" at 2015-06-17 23:56:22 +0545[0m
Detecting locale EN
Found page "Home page" [index]
  Rendered liquid page template
[0;32;49mCompleted 200 OK in 4.1ms

[0m
* Reloaded "site", "content_types", "pages", "snippets", "content_entries", "translations" at 2015-06-18 00:05:40 +0545
* Reloaded "site", "content_types", "pages", "snippets", "content_entries", "translations" at 2015-06-18 00:05:57 +0545
* Reloaded "site", "content_types", "pages", "snippets", "content_entries", "translations" at 2015-06-18 00:06:42 +0545
* Reloaded "site", "content_types", "pages", "snippets", "content_entries", "translations" at 2015-06-18 00:08:22 +0545
* Reloaded "pages", "snippets" at 2015-06-18 00:10:48 +0545
[0;97;49mStarted GET "/" at 2015-06-18 00:12:20 +0545[0m
Detecting locale EN
Found page "Home" [index]
  Rendered liquid page template
[0;32;49mCompleted 200 OK in 3.5ms

[0m
* Reloaded "pages", "snippets" at 2015-06-18 00:15:16 +0545
[0;97;49mStarted GET "/" at 2015-06-18 00:15:24 +0545[0m
Detecting locale EN
Found page "Home" [index]
  Rendered liquid page template
[0;32;49mCompleted 200 OK in 4.0ms

[0m
[0;97;49mStarted GET "/" at 2015-06-18 00:15:44 +0545[0m
Detecting locale EN
Found page "Home" [index]
  Rendered liquid page template
[0;32;49mCompleted 200 OK in 4.5ms

[0m
[0;31;49m[Important] YUICompressor requires java to be installed. The JAVA_HOME variable should also be set.
[0m
[0;97;49mStarted GET "/" at 2015-06-18 00:17:30 +0545[0m
Detecting locale EN
Found page "Home" [index]
  Rendered liquid page template
[0;32;49mCompleted 200 OK in 4.2ms

[0m
[0;97;49mStarted GET "/" at 2015-06-18 00:17:45 +0545[0m
Detecting locale EN
Found page "Home" [index]
  Rendered liquid page template
[0;32;49mCompleted 200 OK in 3.7ms

[0m
* Reloaded "pages", "snippets" at 2015-06-18 00:18:44 +0545
[0;97;49mStarted GET "/" at 2015-06-18 00:18:46 +0545[0m
Detecting locale EN
Found page "Home" [index]
  Rendered liquid page template
[0;32;49mCompleted 200 OK in 3.3ms

[0m
* Reloaded "pages", "snippets" at 2015-06-18 00:21:44 +0545
[0;97;49mStarted GET "/" at 2015-06-18 00:22:06 +0545[0m
Detecting locale EN
Found page "Home" [index]
  Rendered liquid page template
[0;32;49mCompleted 200 OK in 3.9ms

[0m
* Reloaded "pages", "snippets" at 2015-06-18 00:23:01 +0545
[0;97;49mStarted GET "/about" at 2015-06-18 00:23:46 +0545[0m
Detecting locale EN
Found page "About" [about]
  Rendered liquid page template
[0;32;49mCompleted 200 OK in 5.3ms

[0m
* Reloaded "pages", "snippets" at 2015-06-18 00:24:43 +0545
* Reloaded "pages", "snippets" at 2015-06-18 00:26:18 +0545
[0;97;49mStarted GET "/about" at 2015-06-18 00:26:22 +0545[0m
Detecting locale EN
Found page "About" [about]
  Rendered liquid page template
[0;32;49mCompleted 200 OK in 6.0ms

[0m
* Reloaded "pages", "snippets" at 2015-06-18 00:26:37 +0545
* Reloaded "pages", "snippets" at 2015-06-18 00:27:02 +0545
[0;97;49mStarted GET "/" at 2015-06-18 00:27:07 +0545[0m
Detecting locale EN
Found page "Home" [index]
  Rendered liquid page template
[0;32;49mCompleted 200 OK in 3.5ms

[0m
[0;97;49mStarted GET "/about" at 2015-06-18 00:27:11 +0545[0m
Detecting locale EN
Found page "About" [about]
  Rendered liquid page template
[0;32;49mCompleted 200 OK in 2.7ms

[0m
* Reloaded "pages", "snippets" at 2015-06-18 00:28:12 +0545
[0;97;49mStarted GET "/about" at 2015-06-18 00:28:16 +0545[0m
Detecting locale EN
Found page "About" [about]
  Rendered liquid page template
[0;32;49mCompleted 200 OK in 4.5ms

[0m
[0;97;49mStarted GET "/" at 2015-06-18 00:28:19 +0545[0m
Detecting locale EN
Found page "Home" [index]
  Rendered liquid page template
[0;32;49mCompleted 200 OK in 7.8ms

[0m
[0;97;49mStarted GET "/sadvdsvsdv" at 2015-06-18 00:29:29 +0545[0m
Detecting locale EN
[0;32;49mCompleted 404 Not Found in 4.6ms

[0m
* Reloaded "pages", "snippets" at 2015-06-18 00:29:59 +0545
[0;97;49mStarted GET "/sadvdsvsdv" at 2015-06-18 00:30:02 +0545[0m
Detecting locale EN
[0;32;49mCompleted 404 Not Found in 3.8ms

[0m
[0;97;49mStarted GET "/about" at 2015-06-18 00:35:04 +0545[0m
Detecting locale EN
Found page "About" [about]
  Rendered liquid page template
[0;32;49mCompleted 200 OK in 4.0ms

[0m
* Reloaded "pages", "snippets" at 2015-06-18 11:13:17 +0545
[0;97;49mStarted GET "/" at 2015-06-18 11:13:30 +0545[0m
Detecting locale EN
Found page "Home" [index]
  Rendered liquid page template
[0;32;49mCompleted 200 OK in 23.2ms

[0m
[0;97;49mStarted GET "/about" at 2015-06-18 11:13:33 +0545[0m
Detecting locale EN
Found page "About" [about]
  Rendered liquid page template
[0;32;49mCompleted 200 OK in 4.5ms

[0m
* Reloaded "pages", "snippets" at 2015-06-18 11:14:15 +0545
[0;97;49mStarted GET "/about" at 2015-06-18 11:14:48 +0545[0m
Detecting locale EN
Found page "About" [about]
  Rendered liquid page template
[0;32;49mCompleted 200 OK in 571.9ms

[0m
[0;97;49mStarted GET "/about" at 2015-06-18 11:15:15 +0545[0m
Detecting locale EN
Found page "About" [about]
  Rendered liquid page template
[0;32;49mCompleted 200 OK in 6.7ms

[0m
* Reloaded "pages", "snippets" at 2015-06-18 11:16:21 +0545
* Reloaded "pages", "snippets" at 2015-06-18 11:16:43 +0545
* Reloaded "pages", "snippets" at 2015-06-18 11:20:21 +0545
[0;97;49mStarted GET "/about" at 2015-06-18 11:20:24 +0545[0m
Detecting locale EN
Found page "About" [about]
  Rendered liquid page template
[0;32;49mCompleted 200 OK in 37.5ms

[0m
* Reloaded "pages", "snippets" at 2015-06-18 11:31:12 +0545
* Reloaded "pages", "snippets" at 2015-06-18 11:36:07 +0545
[0;97;49mStarted GET "/about" at 2015-06-18 11:36:42 +0545[0m
Detecting locale EN
Found page "About" [about]
  Rendered liquid page template
[0;32;49mCompleted 200 OK in 12.7ms

[0m
* Reloaded "pages", "snippets" at 2015-06-18 11:39:44 +0545
[0;97;49mStarted GET "/about" at 2015-06-18 11:39:45 +0545[0m
Detecting locale EN
Found page "About" [about]
  Rendered liquid page template
[0;32;49mCompleted 200 OK in 8.0ms

[0m
* Reloaded "pages", "snippets" at 2015-06-18 11:40:35 +0545
* Reloaded "pages", "snippets" at 2015-06-18 11:40:38 +0545
[0;97;49mStarted GET "/about" at 2015-06-18 11:40:39 +0545[0m
Detecting locale EN
Found page "About" [about]
  Rendered liquid page template
[0;32;49mCompleted 200 OK in 4.5ms

[0m
* Reloaded "pages", "snippets" at 2015-06-18 11:40:45 +0545
[0;97;49mStarted GET "/about" at 2015-06-18 11:40:46 +0545[0m
Detecting locale EN
Found page "About" [about]
  Rendered liquid page template
[0;32;49mCompleted 200 OK in 4.0ms

[0m
* Reloaded "pages", "snippets" at 2015-06-18 11:40:54 +0545
[0;97;49mStarted GET "/about" at 2015-06-18 11:40:55 +0545[0m
Detecting locale EN
Found page "About" [about]
  Rendered liquid page template
[0;32;49mCompleted 200 OK in 33.1ms

[0m
[0;97;49mStarted GET "/about" at 2015-06-18 11:41:52 +0545[0m
Detecting locale EN
Found page "About" [about]
  Rendered liquid page template
[0;32;49mCompleted 200 OK in 4.8ms

[0m
* Reloaded "pages", "snippets" at 2015-06-18 11:43:21 +0545
[0;97;49mStarted GET "/about" at 2015-06-18 11:45:14 +0545[0m
Detecting locale EN
Found page "About" [about]
  Rendered liquid page template
[0;32;49mCompleted 200 OK in 6.7ms

[0m
* Reloaded "pages", "snippets" at 2015-06-18 11:45:43 +0545
* Reloaded "pages", "snippets" at 2015-06-18 11:45:45 +0545
[0;97;49mStarted GET "/about" at 2015-06-18 11:45:52 +0545[0m
Detecting locale EN
Found page "About" [about]
  Rendered liquid page template
[0;32;49mCompleted 200 OK in 4.2ms

[0m
[0;97;49mStarted GET "/" at 2015-06-18 11:45:55 +0545[0m
Detecting locale EN
Found page "Home" [index]
  Rendered liquid page template
[0;32;49mCompleted 200 OK in 7.8ms

[0m
[0;97;49mStarted GET "/" at 2015-06-18 12:10:22 +0545[0m
Detecting locale EN
Found page "Home" [index]
  Rendered liquid page template
[0;32;49mCompleted 200 OK in 2170.3ms

[0m
* Reloaded "pages", "snippets" at 2015-06-18 20:45:31 +0545
* Reloaded "pages", "snippets" at 2015-06-18 20:45:49 +0545
* Reloaded "pages", "snippets" at 2015-06-18 20:47:34 +0545
* Reloaded "pages", "snippets" at 2015-06-18 20:47:57 +0545
* Reloaded "pages", "snippets" at 2015-06-18 20:47:58 +0545
* Reloaded "pages", "snippets" at 2015-06-18 20:48:37 +0545
[0;97;49mStarted GET "/admin" at 2015-06-18 20:51:43 +0545[0m
Detecting locale EN
[0;32;49mCompleted 404 Not Found in 133.8ms

[0m
[0;97;49mStarted GET "/admin/" at 2015-06-18 20:51:51 +0545[0m
Detecting locale EN
[0;32;49mCompleted 404 Not Found in 58.7ms

[0m
* Reloaded "pages", "snippets" at 2015-06-18 20:55:01 +0545
